2025-12-18 22:34:20,141 - INFO - ==================================================
2025-12-18 22:34:20,141 - INFO - Logging system initialized
2025-12-18 22:34:20,141 - INFO - Application started
2025-12-18 22:34:20,141 - INFO - Keyboard shortcuts enabled
2025-12-18 22:34:20,855 - INFO - Generated palette from HEX: #3498db
2025-12-18 22:34:52,293 - INFO - Generated palette from HEX: #3498db
2025-12-18 22:34:55,023 - INFO - Added color #db3497 to palette: 새 팔레트1
2025-12-18 22:34:55,431 - INFO - Added color #db7634 to palette: 새 팔레트1
2025-12-18 22:34:55,773 - INFO - Added color #98db34 to palette: 새 팔레트1
2025-12-18 22:34:57,455 - INFO - Added color #3498db to palette: 새 팔레트1
2025-12-18 22:35:32,548 - INFO - Loaded image: Gemini_Generated_Image_7cx6ks7cx6ks7cx6.png
2025-12-18 22:36:33,242 - INFO - Application closed
2025-12-18 22:38:19,765 - INFO - ==================================================
2025-12-18 22:38:19,766 - INFO - Logging system initialized
2025-12-18 22:38:19,766 - INFO - Application started
2025-12-18 22:38:19,766 - INFO - Keyboard shortcuts enabled
2025-12-18 22:38:20,401 - INFO - Generated palette from HEX: #3498db
2025-12-18 22:38:23,570 - INFO - Application closed
2025-12-18 23:08:16,918 - INFO - ==================================================
2025-12-18 23:08:16,919 - INFO - Logging system initialized
2025-12-18 23:08:16,919 - INFO - Application started
2025-12-18 23:08:16,920 - INFO - Keyboard shortcuts enabled
2025-12-18 23:08:17,823 - INFO - Generated palette from HEX: #3498db
2025-12-18 23:08:25,191 - INFO - Loaded image: Gemini_Generated_Image_a612y9a612y9a612.png
2025-12-18 23:08:30,035 - INFO - Generated palette from HEX: #e1ac46
2025-12-18 23:08:31,027 - INFO - Added color #e1ac46 to palette: 새 팔레트1
2025-12-18 23:08:31,586 - INFO - Added color #467ae1 to palette: 새 팔레트1
2025-12-18 23:08:32,031 - INFO - Added color #e15e46 to palette: 새 팔레트1
2025-12-18 23:08:32,456 - INFO - Added color #c8e146 to palette: 새 팔레트1
2025-12-18 23:08:41,479 - INFO - Loaded image: Gemini_Generated_Image_a612y9a612y9a612.png
2025-12-18 23:09:06,135 - INFO - Application closed
2025-12-21 18:40:08,825 - INFO - ==================================================
2025-12-21 18:40:08,826 - INFO - Logging system initialized
2025-12-21 18:40:08,826 - INFO - Application started
2025-12-21 18:40:08,826 - INFO - Keyboard shortcuts enabled
2025-12-21 18:40:09,760 - INFO - Generated palette from HEX: #3498db
2025-12-21 18:40:13,099 - INFO - Cleared recent colors history
2025-12-21 18:40:21,592 - INFO - Application closed
2025-12-21 18:53:50,313 - INFO - ==================================================
2025-12-21 18:53:50,313 - INFO - Logging system initialized
2025-12-21 18:53:50,314 - INFO - Application started
2025-12-21 18:53:50,314 - INFO - Keyboard shortcuts enabled
2025-12-21 18:53:50,916 - INFO - Generated palette from HEX: #3498db
2025-12-21 18:53:54,153 - INFO - Added color #3498db to palette: 새 팔레트1
2025-12-21 18:53:54,852 - INFO - Added color #34dbca to palette: 새 팔레트1
2025-12-21 18:53:55,372 - INFO - Added color #3444db to palette: 새 팔레트1
2025-12-21 18:54:03,882 - INFO - Saved palette to MPS: 새 팔레트1
2025-12-21 18:55:55,119 - INFO - Application closed
2025-12-21 18:58:52,987 - INFO - ==================================================
2025-12-21 18:58:52,987 - INFO - Logging system initialized
2025-12-21 18:58:52,987 - INFO - Application started
2025-12-21 18:58:52,987 - INFO - Keyboard shortcuts enabled
2025-12-21 18:58:53,481 - INFO - Generated palette from HEX: #3498db
2025-12-21 19:10:33,577 - INFO - ==================================================
2025-12-21 19:10:33,578 - INFO - Logging system initialized
2025-12-21 19:10:33,578 - INFO - Application started
2025-12-21 19:10:33,578 - INFO - Keyboard shortcuts enabled
2025-12-21 19:10:34,085 - INFO - Generated palette from HEX: #3498db
2025-12-21 19:10:45,860 - INFO - Application closed
2025-12-21 19:10:52,720 - INFO - ==================================================
2025-12-21 19:10:52,720 - INFO - Logging system initialized
2025-12-21 19:10:52,720 - INFO - Application started
2025-12-21 19:10:52,721 - INFO - Keyboard shortcuts enabled
2025-12-21 19:10:53,221 - INFO - Generated palette from HEX: #3498db
2025-12-21 19:11:07,107 - INFO - Application closed
2026-01-03 15:42:22,928 - INFO - ==================================================
2026-01-03 15:42:22,928 - INFO - Logging system initialized
2026-01-03 15:42:22,928 - INFO - Application started
2026-01-03 15:42:22,929 - INFO - Keyboard shortcuts enabled
2026-01-03 15:42:23,626 - INFO - Generated palette from HEX: #3498db
2026-01-03 15:42:25,831 - INFO - Added color #db7634 to palette: 새 팔레트1
2026-01-03 15:42:26,554 - INFO - Added color #34dbca to palette: 새 팔레트1
2026-01-03 15:42:29,053 - INFO - Application closed
2026-01-03 15:51:55,055 - INFO - ==================================================
2026-01-03 15:51:55,055 - INFO - Logging system initialized
2026-01-03 15:51:55,056 - INFO - Application started
2026-01-03 15:51:55,056 - INFO - Keyboard shortcuts enabled
2026-01-03 15:51:55,510 - INFO - Generated palette from HEX: #3498db
2026-01-03 15:51:58,762 - INFO - Added new palette: 새 팔레트2
2026-01-03 15:51:58,978 - INFO - Added new palette: 새 팔레트3
2026-01-03 15:51:59,196 - INFO - Added new palette: 새 팔레트4
2026-01-03 15:52:29,626 - INFO - Application closed
2026-01-03 15:54:28,226 - INFO - ==================================================
2026-01-03 15:54:28,226 - INFO - Logging system initialized
2026-01-03 15:54:28,227 - INFO - Application started
2026-01-03 15:54:28,227 - INFO - Keyboard shortcuts enabled
2026-01-03 15:54:28,716 - INFO - Generated palette from HEX: #3498db
2026-01-03 15:54:31,735 - INFO - Generated palette from HEX: #3498db
2026-01-03 15:54:32,259 - INFO - Generated palette from HEX: #6cf780
2026-01-03 15:54:53,175 - INFO - Application closed
2026-01-03 15:55:20,741 - INFO - ==================================================
2026-01-03 15:55:20,741 - INFO - Logging system initialized
2026-01-03 15:55:20,741 - INFO - Application started
2026-01-03 15:55:20,742 - INFO - Keyboard shortcuts enabled
2026-01-03 15:55:21,210 - INFO - Generated palette from HEX: #3498db
2026-01-03 15:55:23,277 - INFO - Added color #3497db to palette: 새 팔레트1
2026-01-03 15:55:27,720 - INFO - Application closed
2026-01-27 15:05:38,255 - INFO - ==================================================
2026-01-27 15:05:38,255 - INFO - Logging system initialized
2026-01-27 15:05:38,255 - INFO - Application started
2026-01-27 15:05:38,256 - INFO - Preset palettes not found. Generating in background...
2026-01-27 15:05:38,257 - INFO - Keyboard shortcuts enabled
2026-01-27 15:05:38,277 - INFO - Saved data file: data\preset_palettes.dat
2026-01-27 15:05:38,278 - INFO - Successfully generated 880 preset palettes
2026-01-27 15:05:39,951 - INFO - Generated palette from HEX: #3498db
2026-01-27 15:09:34,923 - INFO - Saved data file: data\config.dat
2026-01-27 15:09:34,923 - INFO - Config saved successfully
2026-01-27 15:09:34,975 - INFO - Added color #98db34 to palette: 새 팔레트1
2026-01-27 15:09:35,706 - INFO - Saved data file: data\config.dat
2026-01-27 15:09:35,706 - INFO - Config saved successfully
2026-01-27 15:09:35,761 - INFO - Added color #db3497 to palette: 새 팔레트1
2026-01-27 15:09:36,916 - INFO - Saved data file: data\config.dat
2026-01-27 15:09:36,916 - INFO - Config saved successfully
2026-01-27 15:09:36,976 - INFO - Added color #db3497 to palette: 새 팔레트1
2026-01-27 15:09:37,603 - INFO - Saved data file: data\config.dat
2026-01-27 15:09:37,603 - INFO - Config saved successfully
2026-01-27 15:09:37,664 - INFO - Added color #98db34 to palette: 새 팔레트1
2026-01-27 15:09:58,097 - INFO - Added new palette: 새 팔레트2
2026-01-27 15:09:58,793 - INFO - Added new palette: 새 팔레트3
2026-01-27 15:09:59,523 - INFO - Added new palette: 새 팔레트4
2026-01-27 15:27:53,706 - INFO - ==================================================
2026-01-27 15:27:53,706 - INFO - Logging system initialized
2026-01-27 15:27:53,706 - INFO - Application started
2026-01-27 15:27:53,706 - INFO - Keyboard shortcuts enabled
2026-01-27 15:27:55,042 - INFO - Generated palette from HEX: #3498db
2026-01-27 15:28:19,959 - INFO - Saved data file: data\custom_harmonies.dat
2026-01-27 15:28:35,954 - INFO - Loaded data file: data\custom_harmonies.dat
2026-01-27 15:28:57,046 - INFO - Saved data file: data\config.dat
2026-01-27 15:28:57,046 - INFO - Config saved successfully
2026-01-27 15:28:57,104 - INFO - Added color #3498db to palette: 새 팔레트1
2026-01-27 15:28:57,785 - INFO - Saved data file: data\config.dat
2026-01-27 15:28:57,785 - INFO - Config saved successfully
2026-01-27 15:28:57,841 - INFO - Added color #db7634 to palette: 새 팔레트1
2026-01-27 15:28:58,502 - INFO - Saved data file: data\config.dat
2026-01-27 15:28:58,502 - INFO - Config saved successfully
2026-01-27 15:28:58,561 - INFO - Added color #34dbca to palette: 새 팔레트1
2026-01-27 15:28:59,578 - INFO - Saved data file: data\config.dat
2026-01-27 15:28:59,578 - INFO - Config saved successfully
2026-01-27 15:28:59,642 - INFO - Added color #3444db to palette: 새 팔레트1
2026-01-27 15:29:22,438 - INFO - Application closed
2026-01-27 16:15:51,545 - INFO - ==================================================
2026-01-27 16:15:51,545 - INFO - Logging system initialized
2026-01-27 16:15:51,546 - INFO - Application started
2026-01-27 16:15:51,546 - INFO - Keyboard shortcuts enabled
2026-01-27 16:15:52,906 - INFO - Generated palette from HEX: #3498db
2026-01-27 16:15:59,150 - INFO - Added new palette: 새 팔레트2
2026-01-27 16:16:01,295 - INFO - Added new palette: 새 팔레트3
2026-01-27 16:16:33,882 - INFO - Saved data file: data\config.dat
2026-01-27 16:16:33,883 - INFO - Config saved successfully
2026-01-27 16:16:33,977 - INFO - Added color #3498db to palette: 새 팔레트3
2026-01-27 16:16:34,663 - INFO - Saved data file: data\config.dat
2026-01-27 16:16:34,663 - INFO - Config saved successfully
2026-01-27 16:16:34,765 - INFO - Added color #db7634 to palette: 새 팔레트3
2026-01-27 16:16:35,699 - INFO - Saved data file: data\config.dat
2026-01-27 16:16:35,700 - INFO - Config saved successfully
2026-01-27 16:16:35,795 - INFO - Added color #34dbca to palette: 새 팔레트3
2026-01-27 16:16:36,204 - INFO - Saved data file: data\config.dat
2026-01-27 16:16:36,204 - INFO - Config saved successfully
2026-01-27 16:16:36,307 - INFO - Added color #3444db to palette: 새 팔레트3
2026-01-27 16:18:12,803 - INFO - Application closed
2026-01-27 16:19:36,830 - INFO - ==================================================
2026-01-27 16:19:36,830 - INFO - Logging system initialized
2026-01-27 16:19:36,831 - INFO - Application started
2026-01-27 16:19:36,831 - INFO - Keyboard shortcuts enabled
2026-01-27 16:19:38,147 - INFO - Generated palette from HEX: #3498db
2026-01-27 16:19:51,670 - INFO - Loaded data file: data\custom_harmonies.dat
2026-01-27 16:21:45,017 - INFO - Loaded data file: data\custom_harmonies.dat
2026-01-27 16:22:10,367 - INFO - Saved data file: data\config.dat
2026-01-27 16:22:10,367 - INFO - Config saved successfully
2026-01-27 16:22:10,424 - INFO - Added color #3498db to palette: 새 팔레트1
2026-01-27 16:22:10,811 - INFO - Saved data file: data\config.dat
2026-01-27 16:22:10,811 - INFO - Config saved successfully
2026-01-27 16:22:10,868 - INFO - Added color #db7634 to palette: 새 팔레트1
2026-01-27 16:22:11,280 - INFO - Saved data file: data\config.dat
2026-01-27 16:22:11,280 - INFO - Config saved successfully
2026-01-27 16:22:11,340 - INFO - Added color #34dbca to palette: 새 팔레트1
2026-01-27 16:22:27,970 - INFO - Application closed
2026-01-27 16:22:38,345 - INFO - ==================================================
2026-01-27 16:22:38,345 - INFO - Logging system initialized
2026-01-27 16:22:38,345 - INFO - Application started
2026-01-27 16:22:38,345 - INFO - Keyboard shortcuts enabled
2026-01-27 16:22:39,723 - INFO - Generated palette from HEX: #3498db
2026-01-27 16:22:42,489 - INFO - Loaded data file: data\custom_harmonies.dat
2026-01-27 16:22:46,847 - INFO - Saved data file: data\config.dat
2026-01-27 16:22:46,847 - INFO - Config saved successfully
2026-01-27 16:22:46,906 - INFO - Added color #3498db to palette: 새 팔레트1
2026-01-27 16:22:47,476 - INFO - Saved data file: data\config.dat
2026-01-27 16:22:47,477 - INFO - Config saved successfully
2026-01-27 16:22:47,546 - INFO - Added color #db7634 to palette: 새 팔레트1
2026-01-27 16:22:48,179 - INFO - Saved data file: data\config.dat
2026-01-27 16:22:48,179 - INFO - Config saved successfully
2026-01-27 16:22:48,241 - INFO - Added color #34dbca to palette: 새 팔레트1
2026-01-27 16:25:50,893 - INFO - Application closed
2026-01-27 16:39:29,484 - INFO - ==================================================
2026-01-27 16:39:29,485 - INFO - Logging system initialized
2026-01-27 16:39:29,485 - INFO - Application started
2026-01-27 16:39:29,485 - INFO - Keyboard shortcuts enabled
2026-01-27 16:39:30,816 - INFO - Generated palette from HEX: #3498db
2026-01-27 16:39:36,140 - INFO - Saved data file: data\config.dat
2026-01-27 16:39:36,140 - INFO - Config saved successfully
2026-01-27 16:39:36,198 - INFO - Added color #3498db to palette: 새 팔레트1
2026-01-27 16:39:37,310 - INFO - Saved data file: data\config.dat
2026-01-27 16:39:37,310 - INFO - Config saved successfully
2026-01-27 16:39:37,376 - INFO - Added color #db7634 to palette: 새 팔레트1
2026-01-27 16:39:38,033 - INFO - Saved data file: data\config.dat
2026-01-27 16:39:38,033 - INFO - Config saved successfully
2026-01-27 16:39:38,104 - INFO - Added color #34dbca to palette: 새 팔레트1
2026-01-27 16:39:39,621 - INFO - Saved data file: data\config.dat
2026-01-27 16:39:39,622 - INFO - Config saved successfully
2026-01-27 16:39:39,693 - INFO - Added color #3444db to palette: 새 팔레트1
2026-01-27 16:42:49,765 - INFO - Loaded data file: data\preset_palettes.dat
2026-01-27 16:43:06,794 - INFO - Added preset palette: Material Red 1
2026-01-27 16:44:20,004 - INFO - Application closed
2026-01-27 16:47:42,009 - INFO - ==================================================
2026-01-27 16:47:42,009 - INFO - Logging system initialized
2026-01-27 16:47:42,009 - INFO - Application started
2026-01-27 16:47:42,009 - INFO - Keyboard shortcuts enabled
2026-01-27 16:47:43,359 - INFO - Generated palette from HEX: #3498db
2026-01-27 16:47:45,387 - INFO - Saved data file: data\config.dat
2026-01-27 16:47:45,387 - INFO - Config saved successfully
2026-01-27 16:47:45,442 - INFO - Added color #3498db to palette: 새 팔레트1
2026-01-27 16:47:45,892 - INFO - Saved data file: data\config.dat
2026-01-27 16:47:45,892 - INFO - Config saved successfully
2026-01-27 16:47:45,947 - INFO - Added color #db7634 to palette: 새 팔레트1
2026-01-27 16:47:47,658 - INFO - Saved data file: data\config.dat
2026-01-27 16:47:47,659 - INFO - Config saved successfully
2026-01-27 16:47:47,713 - INFO - Added color #34dbca to palette: 새 팔레트1
2026-01-27 16:47:49,547 - INFO - Saved data file: data\config.dat
2026-01-27 16:47:49,547 - INFO - Config saved successfully
2026-01-27 16:47:49,596 - INFO - Added color #3444db to palette: 새 팔레트1
2026-01-27 16:48:03,063 - INFO - Saved data file: data\config.dat
2026-01-27 16:48:03,063 - INFO - Config saved successfully
2026-01-27 16:48:03,123 - INFO - Added color #34dbca to palette: 새 팔레트1
2026-01-27 16:48:04,573 - INFO - Saved data file: data\config.dat
2026-01-27 16:48:04,573 - INFO - Config saved successfully
2026-01-27 16:48:04,634 - INFO - Added color #3444db to palette: 새 팔레트1
2026-01-27 16:48:05,764 - INFO - Saved data file: data\config.dat
2026-01-27 16:48:05,764 - INFO - Config saved successfully
2026-01-27 16:48:05,817 - INFO - Added color #db3497 to palette: 새 팔레트1
2026-01-27 16:48:14,161 - INFO - Application closed
2026-01-27 16:50:16,703 - INFO - ==================================================
2026-01-27 16:50:16,703 - INFO - Logging system initialized
2026-01-27 16:50:16,703 - INFO - Application started
2026-01-27 16:50:16,704 - INFO - Keyboard shortcuts enabled
2026-01-27 16:50:18,095 - INFO - Generated palette from HEX: #3498db
2026-01-27 16:50:20,098 - INFO - Saved data file: data\config.dat
2026-01-27 16:50:20,098 - INFO - Config saved successfully
2026-01-27 16:50:20,163 - INFO - Added color #3498db to palette: 새 팔레트1
2026-01-27 16:50:21,751 - INFO - Saved data file: data\config.dat
2026-01-27 16:50:21,751 - INFO - Config saved successfully
2026-01-27 16:50:21,811 - INFO - Added color #db7634 to palette: 새 팔레트1
2026-01-27 16:55:35,014 - INFO - ==================================================
2026-01-27 16:55:35,014 - INFO - Logging system initialized
2026-01-27 16:55:35,014 - INFO - Application started
2026-01-27 16:55:35,014 - INFO - Keyboard shortcuts enabled
2026-01-27 16:55:36,421 - INFO - Generated palette from HEX: #3498db
2026-01-27 16:55:38,345 - INFO - Saved data file: data\config.dat
2026-01-27 16:55:38,345 - INFO - Config saved successfully
2026-01-27 16:55:38,407 - INFO - Added color #3498db to palette: 새 팔레트1
2026-01-27 16:55:38,901 - INFO - Saved data file: data\config.dat
2026-01-27 16:55:38,901 - INFO - Config saved successfully
2026-01-27 16:55:38,954 - INFO - Added color #db7634 to palette: 새 팔레트1
2026-01-27 16:55:39,958 - INFO - Saved data file: data\config.dat
2026-01-27 16:55:39,958 - INFO - Config saved successfully
2026-01-27 16:55:40,011 - INFO - Added color #34dbca to palette: 새 팔레트1
2026-01-27 16:57:33,175 - INFO - Applied palette to image: thumb-7IKs6rO8_7I2464Sk7J28_01_600x600.png
2026-01-27 16:58:16,467 - INFO - ==================================================
2026-01-27 16:58:16,467 - INFO - Logging system initialized
2026-01-27 16:58:16,467 - INFO - Application started
2026-01-27 16:58:16,467 - INFO - Keyboard shortcuts enabled
2026-01-27 16:58:17,838 - INFO - Generated palette from HEX: #3498db
2026-01-27 16:58:36,896 - INFO - Application closed
2026-01-27 17:00:36,107 - INFO - ==================================================
2026-01-27 17:00:36,108 - INFO - Logging system initialized
2026-01-27 17:00:36,108 - INFO - Application started
2026-01-27 17:00:36,108 - INFO - Keyboard shortcuts enabled
2026-01-27 17:00:37,442 - INFO - Generated palette from HEX: #3498db
2026-01-27 17:00:49,209 - INFO - Application closed
2026-01-27 17:02:29,479 - INFO - ==================================================
2026-01-27 17:02:29,479 - INFO - Logging system initialized
2026-01-27 17:02:29,479 - INFO - Application started
2026-01-27 17:02:29,479 - INFO - Keyboard shortcuts enabled
2026-01-27 17:02:30,811 - INFO - Generated palette from HEX: #3498db
2026-01-27 17:02:39,376 - INFO - Application closed
2026-01-27 17:02:47,171 - INFO - ==================================================
2026-01-27 17:02:47,172 - INFO - Logging system initialized
2026-01-27 17:02:47,172 - INFO - Application started
2026-01-27 17:02:47,172 - INFO - Keyboard shortcuts enabled
2026-01-27 17:02:48,367 - INFO - Generated palette from HEX: #3498db
2026-01-27 17:02:57,531 - INFO - Application closed
2026-01-27 17:06:03,082 - INFO - ==================================================
2026-01-27 17:06:03,083 - INFO - Logging system initialized
2026-01-27 17:06:03,083 - INFO - Application started
2026-01-27 17:06:03,083 - INFO - Keyboard shortcuts enabled
2026-01-27 17:06:04,443 - INFO - Generated palette from HEX: #3498db
2026-01-27 17:06:49,593 - INFO - Generated palette from image: tmprpof5dqu.png
2026-01-27 17:07:42,614 - INFO - Application closed
2026-01-27 17:08:13,218 - INFO - ==================================================
2026-01-27 17:08:13,218 - INFO - Logging system initialized
2026-01-27 17:08:13,218 - INFO - Application started
2026-01-27 17:08:13,218 - INFO - Keyboard shortcuts enabled
2026-01-27 17:08:14,488 - INFO - Generated palette from HEX: #3498db
2026-01-27 17:11:12,670 - INFO - ==================================================
2026-01-27 17:11:12,670 - INFO - Logging system initialized
2026-01-27 17:11:12,671 - INFO - Application started
2026-01-27 17:11:12,671 - INFO - Keyboard shortcuts enabled
2026-01-27 17:11:14,187 - INFO - Generated palette from HEX: #3498db
2026-01-27 17:11:24,944 - INFO - Saved data file: data\config.dat
2026-01-27 17:11:24,944 - INFO - Config saved successfully
2026-01-27 17:11:24,981 - INFO - Cleared recent colors history
2026-01-27 17:11:39,807 - INFO - Generated palette from HEX: #1a142f
2026-01-27 17:12:19,205 - INFO - Generated palette from image: tmpriio21xx.png
2026-01-27 17:12:25,684 - INFO - Loaded data file: data\custom_harmonies.dat
2026-01-27 17:12:36,426 - INFO - Loaded data file: data\custom_harmonies.dat
2026-01-27 17:12:42,542 - INFO - Application closed
2026-01-27 17:31:09,915 - INFO - ==================================================
2026-01-27 17:31:09,915 - INFO - Logging system initialized
2026-01-27 17:31:09,915 - INFO - Application started
2026-01-27 17:31:09,915 - INFO - Keyboard shortcuts enabled
2026-01-27 17:31:11,484 - INFO - Generated palette from HEX: #3498db
2026-01-27 17:31:27,500 - INFO - Loaded data file: data\custom_harmonies.dat
2026-01-27 17:31:37,672 - INFO - Loaded data file: data\custom_harmonies.dat
2026-01-27 17:31:42,811 - INFO - Loaded data file: data\custom_harmonies.dat
2026-01-27 17:31:51,207 - INFO - Loaded data file: data\custom_harmonies.dat
2026-01-27 17:31:53,318 - INFO - Saved data file: data\custom_harmonies.dat
2026-01-27 17:32:17,226 - INFO - Loaded data file: data\custom_harmonies.dat
2026-01-27 17:32:19,108 - INFO - Generated palette from HEX: #3498db
2026-01-27 17:32:19,344 - INFO - Loaded data file: data\custom_harmonies.dat
2026-01-27 17:32:22,405 - INFO - Saved data file: data\config.dat
2026-01-27 17:32:22,405 - INFO - Config saved successfully
2026-01-27 17:32:22,449 - INFO - Added color #0e9728 to palette: 새 팔레트1
2026-01-27 17:32:23,368 - INFO - Saved data file: data\config.dat
2026-01-27 17:32:23,369 - INFO - Config saved successfully
2026-01-27 17:32:23,408 - INFO - Added color #15ff00 to palette: 새 팔레트1
2026-01-27 17:32:24,322 - INFO - Saved data file: data\config.dat
2026-01-27 17:32:24,323 - INFO - Config saved successfully
2026-01-27 17:32:24,374 - INFO - Added color #2f5900 to palette: 새 팔레트1
2026-01-27 17:32:28,286 - INFO - Saved data file: data\config.dat
2026-01-27 17:32:28,286 - INFO - Config saved successfully
2026-01-27 17:32:28,335 - INFO - Added color #3497db to palette: 새 팔레트1
2026-01-27 17:32:40,493 - INFO - Application closed
2026-02-12 11:02:08,465 - INFO - ==================================================
2026-02-12 11:02:08,465 - INFO - Logging system initialized
2026-02-12 11:02:08,465 - INFO - Application started
2026-02-12 11:02:08,465 - INFO - Keyboard shortcuts enabled
2026-02-12 11:02:09,368 - INFO - Generated palette from HEX: #3498db
2026-02-12 11:02:14,817 - INFO - Saved data file: data\config.dat
2026-02-12 11:02:14,819 - INFO - Config saved successfully
2026-02-12 11:02:14,852 - INFO - Added color #3498db to palette: 새 팔레트1
2026-02-12 11:02:16,257 - INFO - Saved data file: data\config.dat
2026-02-12 11:02:16,257 - INFO - Config saved successfully
2026-02-12 11:02:16,293 - INFO - Added color #db7634 to palette: 새 팔레트1
2026-02-12 11:02:17,635 - INFO - Saved data file: data\config.dat
2026-02-12 11:02:17,635 - INFO - Config saved successfully
2026-02-12 11:02:17,673 - INFO - Added color #34dbca to palette: 새 팔레트1
2026-02-12 11:02:20,169 - INFO - Saved data file: data\config.dat
2026-02-12 11:02:20,169 - INFO - Config saved successfully
2026-02-12 11:02:20,211 - INFO - Added color #3444db to palette: 새 팔레트1
2026-02-12 11:02:23,977 - INFO - Saved data file: data\config.dat
2026-02-12 11:02:23,977 - INFO - Config saved successfully
2026-02-12 11:02:24,019 - INFO - Added color #3444db to palette: 새 팔레트1
2026-02-12 11:02:27,273 - INFO - Saved data file: data\config.dat
2026-02-12 11:02:27,274 - INFO - Config saved successfully
2026-02-12 11:02:27,318 - INFO - Added color #db3497 to palette: 새 팔레트1
2026-02-12 11:02:48,392 - INFO - Added new palette: 새 팔레트2
2026-02-12 11:02:57,617 - INFO - Removed palette: 새 팔레트1
2026-02-12 11:03:16,754 - INFO - Saved data file: data\config.dat
2026-02-12 11:03:16,754 - INFO - Config saved successfully
2026-02-12 11:03:16,801 - INFO - Added color #98db34 to palette: 새 팔레트2
2026-02-12 11:03:19,601 - INFO - Saved data file: data\config.dat
2026-02-12 11:03:19,601 - INFO - Config saved successfully
2026-02-12 11:03:19,651 - INFO - Added color #db3497 to palette: 새 팔레트2
2026-02-12 11:03:23,773 - INFO - Application closed
2026-02-12 11:04:41,099 - INFO - ==================================================
2026-02-12 11:04:41,099 - INFO - Logging system initialized
2026-02-12 11:04:41,100 - INFO - Application started
2026-02-12 11:04:41,100 - INFO - Keyboard shortcuts enabled
2026-02-12 11:04:42,004 - INFO - Generated palette from HEX: #3498db
2026-02-12 11:11:15,769 - INFO - Application closed
2026-02-12 12:15:38,364 - INFO - ==================================================
2026-02-12 12:15:38,364 - INFO - Logging system initialized
2026-02-12 12:15:38,364 - INFO - Application started
2026-02-12 12:15:38,364 - INFO - Keyboard shortcuts enabled
2026-02-12 12:15:39,266 - INFO - Generated palette from HEX: #3498db
2026-02-12 12:15:40,935 - INFO - Saved data file: data\config.dat
2026-02-12 12:15:40,935 - INFO - Config saved successfully
2026-02-12 12:15:40,985 - INFO - Added color #db7634 to palette: 새 팔레트1
2026-02-12 12:15:41,886 - INFO - Saved data file: data\config.dat
2026-02-12 12:15:41,886 - INFO - Config saved successfully
2026-02-12 12:15:41,936 - INFO - Added color #db7634 to palette: 새 팔레트1
2026-02-12 12:15:42,686 - INFO - Saved data file: data\config.dat
2026-02-12 12:15:42,686 - INFO - Config saved successfully
2026-02-12 12:15:42,735 - INFO - Added color #db7634 to palette: 새 팔레트1
2026-02-12 12:15:43,246 - INFO - Saved data file: data\config.dat
2026-02-12 12:15:43,246 - INFO - Config saved successfully
2026-02-12 12:15:43,292 - INFO - Added color #db7634 to palette: 새 팔레트1
2026-02-12 12:15:44,509 - INFO - Saved data file: data\config.dat
2026-02-12 12:15:44,510 - INFO - Config saved successfully
2026-02-12 12:15:44,562 - INFO - Added color #db7634 to palette: 새 팔레트1
2026-02-12 12:15:45,043 - INFO - Saved data file: data\config.dat
2026-02-12 12:15:45,043 - INFO - Config saved successfully
2026-02-12 12:15:45,090 - INFO - Added color #db7634 to palette: 새 팔레트1
2026-02-12 12:15:45,107 - INFO - Saved data file: data\config.dat
2026-02-12 12:15:45,107 - INFO - Config saved successfully
2026-02-12 12:15:45,157 - INFO - Added color #db7634 to palette: 새 팔레트1
2026-02-12 12:15:45,604 - INFO - Saved data file: data\config.dat
2026-02-12 12:15:45,605 - INFO - Config saved successfully
2026-02-12 12:15:45,652 - INFO - Added color #db7634 to palette: 새 팔레트1
2026-02-12 12:15:46,097 - INFO - Saved data file: data\config.dat
2026-02-12 12:15:46,097 - INFO - Config saved successfully
2026-02-12 12:15:46,145 - INFO - Added color #db7634 to palette: 새 팔레트1
2026-02-12 12:16:10,429 - INFO - Saved data file: data\config.dat
2026-02-12 12:16:10,430 - INFO - Config saved successfully
2026-02-12 12:16:10,478 - INFO - Added color #3498db to palette: 새 팔레트1
2026-02-12 12:16:12,597 - INFO - Saved data file: data\config.dat
2026-02-12 12:16:12,597 - INFO - Config saved successfully
2026-02-12 12:16:12,654 - INFO - Added color #34dbca to palette: 새 팔레트1
2026-02-12 12:23:39,401 - INFO - Added new palette: 새 팔레트2
2026-02-12 12:23:42,134 - INFO - Saved data file: data\config.dat
2026-02-12 12:23:42,134 - INFO - Config saved successfully
2026-02-12 12:23:42,203 - INFO - Added color #34dbca to palette: 새 팔레트1
2026-02-12 12:23:46,829 - INFO - Saved data file: data\config.dat
2026-02-12 12:23:46,829 - INFO - Config saved successfully
2026-02-12 12:23:46,903 - INFO - Added color #34dbca to palette: 새 팔레트2
2026-02-12 12:42:07,879 - INFO - Saved data file: data\config.dat
2026-02-12 12:42:07,879 - INFO - Config saved successfully
2026-02-12 12:42:07,953 - INFO - Added color #3444db to palette: 새 팔레트2
2026-02-12 12:42:09,012 - INFO - Saved data file: data\config.dat
2026-02-12 12:42:09,012 - INFO - Config saved successfully
2026-02-12 12:42:09,079 - INFO - Added color #34dbca to palette: 새 팔레트2
2026-02-12 12:42:10,476 - INFO - Saved data file: data\config.dat
2026-02-12 12:42:10,476 - INFO - Config saved successfully
2026-02-12 12:42:10,542 - INFO - Added color #db3497 to palette: 새 팔레트2
2026-02-12 12:42:12,013 - INFO - Saved data file: data\config.dat
2026-02-12 12:42:12,013 - INFO - Config saved successfully
2026-02-12 12:42:12,080 - INFO - Added color #98db34 to palette: 새 팔레트2
2026-02-12 12:42:13,972 - INFO - Saved data file: data\config.dat
2026-02-12 12:42:13,972 - INFO - Config saved successfully
2026-02-12 12:42:14,041 - INFO - Added color #365468 to palette: 새 팔레트2
2026-02-12 12:42:15,396 - INFO - Saved data file: data\config.dat
2026-02-12 12:42:15,396 - INFO - Config saved successfully
2026-02-12 12:42:15,473 - INFO - Added color #3c84b4 to palette: 새 팔레트2
2026-02-12 12:42:17,349 - INFO - Saved data file: data\config.dat
2026-02-12 12:42:17,349 - INFO - Config saved successfully
2026-02-12 12:42:17,420 - INFO - Added color #3497db to palette: 새 팔레트2
2026-02-12 13:41:38,270 - INFO - ==================================================
2026-02-12 13:41:38,270 - INFO - Logging system initialized
2026-02-12 13:41:38,270 - INFO - Application started
2026-02-12 13:41:38,271 - INFO - Keyboard shortcuts enabled
2026-02-12 13:41:38,807 - INFO - Generated palette from HEX: #3498db
2026-02-12 13:42:20,335 - INFO - Saved data file: data\config.dat
2026-02-12 13:42:20,335 - INFO - Config saved successfully
2026-02-12 13:42:20,395 - INFO - Added color #db7634 to palette: 새 팔레트1
2026-02-12 13:42:21,710 - INFO - Saved data file: data\config.dat
2026-02-12 13:42:21,710 - INFO - Config saved successfully
2026-02-12 13:42:21,770 - INFO - Added color #34dbca to palette: 새 팔레트1
2026-02-12 13:42:23,055 - INFO - Saved data file: data\config.dat
2026-02-12 13:42:23,055 - INFO - Config saved successfully
2026-02-12 13:42:23,112 - INFO - Added color #3498db to palette: 새 팔레트1
2026-02-12 13:42:24,526 - INFO - Saved data file: data\config.dat
2026-02-12 13:42:24,526 - INFO - Config saved successfully
2026-02-12 13:42:24,584 - INFO - Added color #3444db to palette: 새 팔레트1
2026-02-12 13:42:46,763 - INFO - Application closed
2026-02-12 14:35:05,079 - INFO - ==================================================
2026-02-12 14:35:05,079 - INFO - Logging system initialized
2026-02-12 14:35:05,079 - INFO - Application started
2026-02-12 14:35:05,079 - INFO - Keyboard shortcuts enabled
2026-02-12 14:35:05,567 - INFO - Generated palette from HEX: #3498db
2026-02-12 14:35:40,918 - INFO - Saved data file: data\config.dat
2026-02-12 14:35:40,918 - INFO - Config saved successfully
2026-02-12 14:35:40,936 - INFO - Cleared recent colors history
2026-02-12 14:35:47,179 - INFO - Saved data file: data\config.dat
2026-02-12 14:35:47,179 - INFO - Config saved successfully
2026-02-12 14:35:47,205 - INFO - Added color #db7634 to palette: 새 팔레트1
2026-02-12 14:35:47,923 - INFO - Saved data file: data\config.dat
2026-02-12 14:35:47,923 - INFO - Config saved successfully
2026-02-12 14:35:47,930 - INFO - Added color #db7634 to palette: 새 팔레트1
2026-02-12 14:35:48,531 - INFO - Saved data file: data\config.dat
2026-02-12 14:35:48,531 - INFO - Config saved successfully
2026-02-12 14:35:48,538 - INFO - Added color #db7634 to palette: 새 팔레트1
2026-02-12 14:35:49,091 - INFO - Saved data file: data\config.dat
2026-02-12 14:35:49,091 - INFO - Config saved successfully
2026-02-12 14:35:49,102 - INFO - Added color #3498db to palette: 새 팔레트1
2026-02-12 14:35:49,835 - INFO - Saved data file: data\config.dat
2026-02-12 14:35:49,835 - INFO - Config saved successfully
2026-02-12 14:35:49,846 - INFO - Added color #3498db to palette: 새 팔레트1
2026-02-12 14:35:50,635 - INFO - Saved data file: data\config.dat
2026-02-12 14:35:50,636 - INFO - Config saved successfully
2026-02-12 14:35:50,652 - INFO - Added color #34dbca to palette: 새 팔레트1
2026-02-12 14:36:10,936 - INFO - Application closed
2026-02-12 14:36:15,383 - INFO - ==================================================
2026-02-12 14:36:15,383 - INFO - Logging system initialized
2026-02-12 14:36:15,383 - INFO - Application started
2026-02-12 14:36:15,383 - INFO - Keyboard shortcuts enabled
2026-02-12 14:36:15,826 - INFO - Generated palette from HEX: #3498db
2026-02-12 14:40:58,933 - INFO - Loaded data file: data\custom_harmonies.dat
2026-02-12 14:41:15,605 - INFO - Loaded data file: data\custom_harmonies.dat
2026-02-12 14:41:22,302 - INFO - Loaded data file: data\custom_harmonies.dat
2026-02-12 14:58:58,043 - INFO - Application closed
2026-02-12 15:31:48,667 - INFO - ==================================================
2026-02-12 15:31:48,668 - INFO - Logging system initialized
2026-02-12 15:31:48,668 - INFO - Application started
2026-02-12 15:31:48,668 - INFO - Keyboard shortcuts enabled
2026-02-12 15:31:49,169 - INFO - Generated palette from HEX: #3498db
2026-02-12 15:31:54,030 - INFO - Saved data file: data\config.dat
2026-02-12 15:31:54,030 - INFO - Config saved successfully
2026-02-12 15:31:54,047 - INFO - Added color #db7634 to palette: 새 팔레트1
2026-02-12 15:31:54,761 - INFO - Saved data file: data\config.dat
2026-02-12 15:31:54,761 - INFO - Config saved successfully
2026-02-12 15:31:54,778 - INFO - Added color #3498db to palette: 새 팔레트1
2026-02-12 15:31:55,640 - INFO - Saved data file: data\config.dat
2026-02-12 15:31:55,640 - INFO - Config saved successfully
2026-02-12 15:31:55,660 - INFO - Added color #34dbca to palette: 새 팔레트1
2026-02-12 15:32:07,518 - INFO - Application closed
